Created by PLY version 3.11 (http://www.dabeaz.com/ply)

Unused terminals:

    ID

Grammar

Rule 0     S' -> program
Rule 1     program -> INT MAIN PARENTESIS_IZQUIERDA PARENTESIS_DERECHA LLAVE_IZQUIERDA declarations LLAVE_DERECHA
Rule 2     declarations -> INT IDENTIFICADOR PUNTO_Y_COMA
Rule 3     declarations -> INT IDENTIFICADOR PUNTO_Y_COMA declarations

Terminals, with rules where they appear

ID                   : 
IDENTIFICADOR        : 2 3
INT                  : 1 2 3
LLAVE_DERECHA        : 1
LLAVE_IZQUIERDA      : 1
MAIN                 : 1
PARENTESIS_DERECHA   : 1
PARENTESIS_IZQUIERDA : 1
PUNTO_Y_COMA         : 2 3
error                : 

Nonterminals, with rules where they appear

declarations         : 1 3
program              : 0

Parsing method: LALR

state 0

    (0) S' -> . program
    (1) program -> . INT MAIN PARENTESIS_IZQUIERDA PARENTESIS_DERECHA LLAVE_IZQUIERDA declarations LLAVE_DERECHA

    INT             shift and go to state 2

    program                        shift and go to state 1

state 1

    (0) S' -> program .



state 2

    (1) program -> INT . MAIN PARENTESIS_IZQUIERDA PARENTESIS_DERECHA LLAVE_IZQUIERDA declarations LLAVE_DERECHA

    MAIN            shift and go to state 3


state 3

    (1) program -> INT MAIN . PARENTESIS_IZQUIERDA PARENTESIS_DERECHA LLAVE_IZQUIERDA declarations LLAVE_DERECHA

    PARENTESIS_IZQUIERDA shift and go to state 4


state 4

    (1) program -> INT MAIN PARENTESIS_IZQUIERDA . PARENTESIS_DERECHA LLAVE_IZQUIERDA declarations LLAVE_DERECHA

    PARENTESIS_DERECHA shift and go to state 5


state 5

    (1) program -> INT MAIN PARENTESIS_IZQUIERDA PARENTESIS_DERECHA . LLAVE_IZQUIERDA declarations LLAVE_DERECHA

    LLAVE_IZQUIERDA shift and go to state 6


state 6

    (1) program -> INT MAIN PARENTESIS_IZQUIERDA PARENTESIS_DERECHA LLAVE_IZQUIERDA . declarations LLAVE_DERECHA
    (2) declarations -> . INT IDENTIFICADOR PUNTO_Y_COMA
    (3) declarations -> . INT IDENTIFICADOR PUNTO_Y_COMA declarations

    INT             shift and go to state 7

    declarations                   shift and go to state 8

state 7

    (2) declarations -> INT . IDENTIFICADOR PUNTO_Y_COMA
    (3) declarations -> INT . IDENTIFICADOR PUNTO_Y_COMA declarations

    IDENTIFICADOR   shift and go to state 9


state 8

    (1) program -> INT MAIN PARENTESIS_IZQUIERDA PARENTESIS_DERECHA LLAVE_IZQUIERDA declarations . LLAVE_DERECHA

    LLAVE_DERECHA   shift and go to state 10


state 9

    (2) declarations -> INT IDENTIFICADOR . PUNTO_Y_COMA
    (3) declarations -> INT IDENTIFICADOR . PUNTO_Y_COMA declarations

    PUNTO_Y_COMA    shift and go to state 11


state 10

    (1) program -> INT MAIN PARENTESIS_IZQUIERDA PARENTESIS_DERECHA LLAVE_IZQUIERDA declarations LLAVE_DERECHA .

    $end            reduce using rule 1 (program -> INT MAIN PARENTESIS_IZQUIERDA PARENTESIS_DERECHA LLAVE_IZQUIERDA declarations LLAVE_DERECHA .)


state 11

    (2) declarations -> INT IDENTIFICADOR PUNTO_Y_COMA .
    (3) declarations -> INT IDENTIFICADOR PUNTO_Y_COMA . declarations
    (2) declarations -> . INT IDENTIFICADOR PUNTO_Y_COMA
    (3) declarations -> . INT IDENTIFICADOR PUNTO_Y_COMA declarations

    LLAVE_DERECHA   reduce using rule 2 (declarations -> INT IDENTIFICADOR PUNTO_Y_COMA .)
    INT             shift and go to state 7

    declarations                   shift and go to state 12

state 12

    (3) declarations -> INT IDENTIFICADOR PUNTO_Y_COMA declarations .

    LLAVE_DERECHA   reduce using rule 3 (declarations -> INT IDENTIFICADOR PUNTO_Y_COMA declarations .)

